<?xml version="1.0" encoding="UTF-8"?>
<testng-results ignored="0" total="1" passed="1" failed="0" skipped="0">
  <reporter-output>
    <line>
      <![CDATA[openbrowser]]>
    </line>
    <line>
      <![CDATA[login]]>
    </line>
    <line>
      <![CDATA[createcustomer]]>
    </line>
    <line>
      <![CDATA[logout]]>
    </line>
    <line>
      <![CDATA[CloseBroswer]]>
    </line>
  </reporter-output>
  <suite started-at="2021-03-05T13:44:13 IST" name="Default suite" finished-at="2021-03-05T13:44:35 IST" duration-ms="21856">
    <groups>
    </groups>
    <test started-at="2021-03-05T13:44:13 IST" name="Default test" finished-at="2021-03-05T13:44:35 IST" duration-ms="21856">
      <class name="com.actitime.testscript.Customermodule">
        <test-method is-config="true" signature="openbrowser()[pri:0, instance:com.actitime.testscript.Customermodule@4d910fd6]" started-at="2021-03-05T13:44:13 IST" name="openbrowser" finished-at="2021-03-05T13:44:20 IST" duration-ms="6302" status="PASS">
          <reporter-output>
            <line>
              <![CDATA[openbrowser]]>
            </line>
          </reporter-output>
        </test-method> <!-- openbrowser -->
        <test-method is-config="true" signature="Login()[pri:0, instance:com.actitime.testscript.Customermodule@4d910fd6]" started-at="2021-03-05T13:44:20 IST" name="Login" finished-at="2021-03-05T13:44:29 IST" duration-ms="9495" status="PASS">
          <reporter-output>
            <line>
              <![CDATA[login]]>
            </line>
          </reporter-output>
        </test-method> <!-- Login -->
        <test-method signature="testcreatecustomer()[pri:0, instance:com.actitime.testscript.Customermodule@4d910fd6]" started-at="2021-03-05T13:44:29 IST" name="testcreatecustomer" finished-at="2021-03-05T13:44:29 IST" duration-ms="7" status="PASS">
          <reporter-output>
            <line>
              <![CDATA[createcustomer]]>
            </line>
          </reporter-output>
        </test-method> <!-- testcreatecustomer -->
        <test-method is-config="true" signature="logout()[pri:0, instance:com.actitime.testscript.Customermodule@4d910fd6]" started-at="2021-03-05T13:44:29 IST" name="logout" finished-at="2021-03-05T13:44:35 IST" duration-ms="5887" status="PASS">
          <reporter-output>
            <line>
              <![CDATA[logout]]>
            </line>
          </reporter-output>
        </test-method> <!-- logout -->
        <test-method is-config="true" signature="Closebrowser()[pri:0, instance:com.actitime.testscript.Customermodule@4d910fd6]" started-at="2021-03-05T13:44:35 IST" name="Closebrowser" finished-at="2021-03-05T13:44:35 IST" duration-ms="121" status="PASS">
          <reporter-output>
            <line>
              <![CDATA[CloseBroswer]]>
            </line>
          </reporter-output>
        </test-method> <!-- Closebrowser -->
      </class> <!-- com.actitime.testscript.Customermodule -->
    </test> <!-- Default test -->
  </suite> <!-- Default suite -->
</testng-results>
